Copyright 1986-2022 Xilinx, Inc. All Rights Reserved. Copyright 2022-2023 Advanced Micro Devices, Inc. All Rights Reserved.
----------------------------------------------------------------------------------------------------------------------------------------------------------------------
| Tool Version     : Vivado v.2023.2 (lin64) Build 4029153 Fri Oct 13 20:13:54 MDT 2023
| Date             : Sat May  4 20:15:54 2024
| Host             : acidrain running 64-bit Ubuntu 24.04 LTS
| Command          : report_power -file reciever_wrapper_power_routed.rpt -pb reciever_wrapper_power_summary_routed.pb -rpx reciever_wrapper_power_routed.rpx
| Design           : reciever_wrapper
| Device           : xc7s50csga324-1
| Design State     : routed
| Grade            : commercial
| Process          : typical
| Characterization : Production
----------------------------------------------------------------------------------------------------------------------------------------------------------------------

Power Report

Table of Contents
-----------------
1. Summary
1.1 On-Chip Components
1.2 Power Supply Summary
1.3 Confidence Level
2. Settings
2.1 Environment
2.2 Clock Constraints
3. Detailed Reports
3.1 By Hierarchy

1. Summary
----------

+--------------------------+--------------+
| Total On-Chip Power (W)  | 0.183        |
| Design Power Budget (W)  | Unspecified* |
| Power Budget Margin (W)  | NA           |
| Dynamic (W)              | 0.111        |
| Device Static (W)        | 0.072        |
| Effective TJA (C/W)      | 4.9          |
| Max Ambient (C)          | 84.1         |
| Junction Temperature (C) | 25.9         |
| Confidence Level         | Medium       |
| Setting File             | ---          |
| Simulation Activity File | ---          |
| Design Nets Matched      | NA           |
+--------------------------+--------------+
* Specify Design Power Budget using, set_operating_conditions -design_power_budget <value in Watts>


1.1 On-Chip Components
----------------------

+----------------+-----------+----------+-----------+-----------------+
| On-Chip        | Power (W) | Used     | Available | Utilization (%) |
+----------------+-----------+----------+-----------+-----------------+
| Clocks         |    <0.001 |        8 |       --- |             --- |
| Slice Logic    |    <0.001 |      422 |       --- |             --- |
|   LUT as Logic |    <0.001 |       85 |     32600 |            0.26 |
|   Register     |    <0.001 |      258 |     65200 |            0.40 |
|   CARRY4       |    <0.001 |        7 |      8150 |            0.09 |
|   Others       |     0.000 |       29 |       --- |             --- |
| Signals        |    <0.001 |      528 |       --- |             --- |
| Block RAM      |     0.001 |      1.5 |        75 |            2.00 |
| MMCM           |     0.099 |        1 |         5 |           20.00 |
| DSPs           |     0.001 |        5 |       120 |            4.17 |
| I/O            |     0.008 |        8 |       210 |            3.81 |
| Static Power   |     0.072 |          |           |                 |
| Total          |     0.183 |          |           |                 |
+----------------+-----------+----------+-----------+-----------------+


1.2 Power Supply Summary
------------------------

+-----------+-------------+-----------+-------------+------------+-------------+-------------+------------+
| Source    | Voltage (V) | Total (A) | Dynamic (A) | Static (A) | Powerup (A) | Budget (A)  | Margin (A) |
+-----------+-------------+-----------+-------------+------------+-------------+-------------+------------+
| Vccint    |       1.000 |     0.014 |       0.004 |      0.010 |       NA    | Unspecified | NA         |
| Vccaux    |       1.800 |     0.068 |       0.056 |      0.013 |       NA    | Unspecified | NA         |
| Vcco33    |       3.300 |     0.003 |       0.002 |      0.001 |       NA    | Unspecified | NA         |
| Vcco25    |       2.500 |     0.000 |       0.000 |      0.000 |       NA    | Unspecified | NA         |
| Vcco18    |       1.800 |     0.000 |       0.000 |      0.000 |       NA    | Unspecified | NA         |
| Vcco15    |       1.500 |     0.000 |       0.000 |      0.000 |       NA    | Unspecified | NA         |
| Vcco135   |       1.350 |     0.000 |       0.000 |      0.000 |       NA    | Unspecified | NA         |
| Vcco12    |       1.200 |     0.000 |       0.000 |      0.000 |       NA    | Unspecified | NA         |
| Vccaux_io |       1.800 |     0.000 |       0.000 |      0.000 |       NA    | Unspecified | NA         |
| Vccbram   |       1.000 |     0.000 |       0.000 |      0.000 |       NA    | Unspecified | NA         |
| Vccadc    |       1.800 |     0.020 |       0.000 |      0.020 |       NA    | Unspecified | NA         |
+-----------+-------------+-----------+-------------+------------+-------------+-------------+------------+


1.3 Confidence Level
--------------------

+-----------------------------+------------+------------------------------------------------+------------------------------------------------------------------------------------------------------------+
| User Input Data             | Confidence | Details                                        | Action                                                                                                     |
+-----------------------------+------------+------------------------------------------------+------------------------------------------------------------------------------------------------------------+
| Design implementation state | High       | Design is routed                               |                                                                                                            |
| Clock nodes activity        | High       | User specified more than 95% of clocks         |                                                                                                            |
| I/O nodes activity          | High       | User specified more than 95% of inputs         |                                                                                                            |
| Internal nodes activity     | Medium     | User specified less than 25% of internal nodes | Provide missing internal nodes activity with simulation results or by editing the "By Resource Type" views |
| Device models               | High       | Device models are Production                   |                                                                                                            |
|                             |            |                                                |                                                                                                            |
| Overall confidence level    | Medium     |                                                |                                                                                                            |
+-----------------------------+------------+------------------------------------------------+------------------------------------------------------------------------------------------------------------+


2. Settings
-----------

2.1 Environment
---------------

+-----------------------+--------------------------+
| Ambient Temp (C)      | 25.0                     |
| ThetaJA (C/W)         | 4.9                      |
| Airflow (LFM)         | 250                      |
| Heat Sink             | medium (Medium Profile)  |
| ThetaSA (C/W)         | 4.6                      |
| Board Selection       | medium (10"x10")         |
| # of Board Layers     | 12to15 (12 to 15 Layers) |
| Board Temperature (C) | 25.0                     |
+-----------------------+--------------------------+


2.2 Clock Constraints
---------------------

+---------------------------------+---------------------------------------------------------+-----------------+
| Clock                           | Domain                                                  | Constraint (ns) |
+---------------------------------+---------------------------------------------------------+-----------------+
| clk                             | clk                                                     |            10.0 |
| clk_out1_reciever_clk_wiz_0_0   | reciever_i/clk_wiz_0/inst/clk_out1_reciever_clk_wiz_0_0 |            40.7 |
| clk_out1_reciever_clk_wiz_0_0_1 | reciever_i/clk_wiz_0/inst/clk_out1_reciever_clk_wiz_0_0 |            40.7 |
| clkfbout_reciever_clk_wiz_0_0   | reciever_i/clk_wiz_0/inst/clkfbout_reciever_clk_wiz_0_0 |            50.0 |
| clkfbout_reciever_clk_wiz_0_0_1 | reciever_i/clk_wiz_0/inst/clkfbout_reciever_clk_wiz_0_0 |            50.0 |
| sys_clk_pin                     | clk                                                     |            10.0 |
+---------------------------------+---------------------------------------------------------+-----------------+


3. Detailed Reports
-------------------

3.1 By Hierarchy
----------------

+--------------------+-----------+
| Name               | Power (W) |
+--------------------+-----------+
| reciever_wrapper   |     0.111 |
|   reciever_i       |     0.104 |
|     clk_wiz_0      |     0.100 |
|       inst         |     0.100 |
|     dds_compiler_0 |     0.004 |
|       U0           |     0.004 |
+--------------------+-----------+


