
*** Running vivado
    with args -log reciever_wrapper.vdi -applog -m64 -product Vivado -messageDb vivado.pb -mode batch -source reciever_wrapper.tcl -notrace


****** Vivado v2023.2 (64-bit)
  **** SW Build 4029153 on Fri Oct 13 20:13:54 MDT 2023
  **** IP Build 4028589 on Sat Oct 14 00:45:43 MDT 2023
  **** SharedData Build 4025554 on Tue Oct 10 17:18:54 MDT 2023
    ** Copyright 1986-2022 Xilinx, Inc. All Rights Reserved.
    ** Copyright 2022-2023 Advanced Micro Devices, Inc. All Rights Reserved.

source reciever_wrapper.tcl -notrace
create_project: Time (s): cpu = 00:00:10 ; elapsed = 00:00:10 . Memory (MB): peak = 1320.535 ; gain = 0.027 ; free physical = 5887 ; free virtual = 11687
INFO: [IP_Flow 19-234] Refreshing IP repositories
INFO: [IP_Flow 19-1704] No user IP repositories specified
INFO: [IP_Flow 19-2313] Loaded Vivado IP repository '/opt/tools/Xilinx/Vivado/2023.2/data/ip'.
Command: link_design -top reciever_wrapper -part xc7s50csga324-1
Design is defaulting to srcset: sources_1
Design is defaulting to constrset: constrs_1
INFO: [Device 21-403] Loading part xc7s50csga324-1
INFO: [Project 1-454] Reading design checkpoint '/home/benny/work/fpga/vivado/i2s2_2/Pmod-I2S2-Arty-S7-50.gen/sources_1/bd/reciever/ip/reciever_axis_dwidth_converter_0_0/reciever_axis_dwidth_converter_0_0.dcp' for cell 'reciever_i/axis_dwidth_converter_0'
INFO: [Project 1-454] Reading design checkpoint '/home/benny/work/fpga/vivado/i2s2_2/Pmod-I2S2-Arty-S7-50.gen/sources_1/bd/reciever/ip/reciever_axis_i2s2_0_0/reciever_axis_i2s2_0_0.dcp' for cell 'reciever_i/axis_i2s2_0'
INFO: [Project 1-454] Reading design checkpoint '/home/benny/work/fpga/vivado/i2s2_2/Pmod-I2S2-Arty-S7-50.gen/sources_1/bd/reciever/ip/reciever_clk_wiz_0_0/reciever_clk_wiz_0_0.dcp' for cell 'reciever_i/clk_wiz_0'
INFO: [Project 1-454] Reading design checkpoint '/home/benny/work/fpga/vivado/i2s2_2/Pmod-I2S2-Arty-S7-50.gen/sources_1/bd/reciever/ip/reciever_dds_compiler_0_0/reciever_dds_compiler_0_0.dcp' for cell 'reciever_i/dds_compiler_0'
Netlist sorting complete. Time (s): cpu = 00:00:00.01 ; elapsed = 00:00:00.01 . Memory (MB): peak = 1678.254 ; gain = 0.000 ; free physical = 5616 ; free virtual = 11381
INFO: [Netlist 29-17] Analyzing 15 Unisim elements for replacement
INFO: [Netlist 29-28] Unisim Transformation completed in 0 CPU seconds
INFO: [Project 1-479] Netlist was created with Vivado 2023.2
INFO: [Project 1-570] Preparing netlist for logic optimization
Parsing XDC File [/home/benny/work/fpga/vivado/i2s2_2/Pmod-I2S2-Arty-S7-50.gen/sources_1/bd/reciever/ip/reciever_clk_wiz_0_0/reciever_clk_wiz_0_0_board.xdc] for cell 'reciever_i/clk_wiz_0/inst'
Finished Parsing XDC File [/home/benny/work/fpga/vivado/i2s2_2/Pmod-I2S2-Arty-S7-50.gen/sources_1/bd/reciever/ip/reciever_clk_wiz_0_0/reciever_clk_wiz_0_0_board.xdc] for cell 'reciever_i/clk_wiz_0/inst'
Parsing XDC File [/home/benny/work/fpga/vivado/i2s2_2/Pmod-I2S2-Arty-S7-50.gen/sources_1/bd/reciever/ip/reciever_clk_wiz_0_0/reciever_clk_wiz_0_0.xdc] for cell 'reciever_i/clk_wiz_0/inst'
INFO: [Timing 38-35] Done setting XDC timing constraints. [/home/benny/work/fpga/vivado/i2s2_2/Pmod-I2S2-Arty-S7-50.gen/sources_1/bd/reciever/ip/reciever_clk_wiz_0_0/reciever_clk_wiz_0_0.xdc:54]
INFO: [Timing 38-2] Deriving generated clocks [/home/benny/work/fpga/vivado/i2s2_2/Pmod-I2S2-Arty-S7-50.gen/sources_1/bd/reciever/ip/reciever_clk_wiz_0_0/reciever_clk_wiz_0_0.xdc:54]
get_clocks: Time (s): cpu = 00:00:06 ; elapsed = 00:00:06 . Memory (MB): peak = 2267.664 ; gain = 447.758 ; free physical = 5114 ; free virtual = 10845
Finished Parsing XDC File [/home/benny/work/fpga/vivado/i2s2_2/Pmod-I2S2-Arty-S7-50.gen/sources_1/bd/reciever/ip/reciever_clk_wiz_0_0/reciever_clk_wiz_0_0.xdc] for cell 'reciever_i/clk_wiz_0/inst'
Parsing XDC File [/home/benny/work/fpga/vivado/i2s2_2/Pmod-I2S2-Arty-S7-50.srcs/constrs_1/imports/constraints/Arty-S7-50-Rev-E-Master.xdc]
WARNING: [Vivado 12-584] No ports matched 'sw[0]'. [/home/benny/work/fpga/vivado/i2s2_2/Pmod-I2S2-Arty-S7-50.srcs/constrs_1/imports/constraints/Arty-S7-50-Rev-E-Master.xdc:13]
CRITICAL WARNING: [Common 17-55] 'set_property' expects at least one object. [/home/benny/work/fpga/vivado/i2s2_2/Pmod-I2S2-Arty-S7-50.srcs/constrs_1/imports/constraints/Arty-S7-50-Rev-E-Master.xdc:13]
Resolution: If [get_<value>] was used to populate the object, check to make sure this command returns at least one valid object.
WARNING: [Vivado 12-584] No ports matched 'sw[1]'. [/home/benny/work/fpga/vivado/i2s2_2/Pmod-I2S2-Arty-S7-50.srcs/constrs_1/imports/constraints/Arty-S7-50-Rev-E-Master.xdc:14]
CRITICAL WARNING: [Common 17-55] 'set_property' expects at least one object. [/home/benny/work/fpga/vivado/i2s2_2/Pmod-I2S2-Arty-S7-50.srcs/constrs_1/imports/constraints/Arty-S7-50-Rev-E-Master.xdc:14]
Resolution: If [get_<value>] was used to populate the object, check to make sure this command returns at least one valid object.
WARNING: [Vivado 12-584] No ports matched 'sw[2]'. [/home/benny/work/fpga/vivado/i2s2_2/Pmod-I2S2-Arty-S7-50.srcs/constrs_1/imports/constraints/Arty-S7-50-Rev-E-Master.xdc:15]
CRITICAL WARNING: [Common 17-55] 'set_property' expects at least one object. [/home/benny/work/fpga/vivado/i2s2_2/Pmod-I2S2-Arty-S7-50.srcs/constrs_1/imports/constraints/Arty-S7-50-Rev-E-Master.xdc:15]
Resolution: If [get_<value>] was used to populate the object, check to make sure this command returns at least one valid object.
WARNING: [Vivado 12-584] No ports matched 'sw[3]'. [/home/benny/work/fpga/vivado/i2s2_2/Pmod-I2S2-Arty-S7-50.srcs/constrs_1/imports/constraints/Arty-S7-50-Rev-E-Master.xdc:16]
CRITICAL WARNING: [Common 17-55] 'set_property' expects at least one object. [/home/benny/work/fpga/vivado/i2s2_2/Pmod-I2S2-Arty-S7-50.srcs/constrs_1/imports/constraints/Arty-S7-50-Rev-E-Master.xdc:16]
Resolution: If [get_<value>] was used to populate the object, check to make sure this command returns at least one valid object.
WARNING: [Vivado 12-584] No ports matched 'reset'. [/home/benny/work/fpga/vivado/i2s2_2/Pmod-I2S2-Arty-S7-50.srcs/constrs_1/imports/constraints/Arty-S7-50-Rev-E-Master.xdc:172]
CRITICAL WARNING: [Common 17-55] 'set_property' expects at least one object. [/home/benny/work/fpga/vivado/i2s2_2/Pmod-I2S2-Arty-S7-50.srcs/constrs_1/imports/constraints/Arty-S7-50-Rev-E-Master.xdc:172]
Resolution: If [get_<value>] was used to populate the object, check to make sure this command returns at least one valid object.
Finished Parsing XDC File [/home/benny/work/fpga/vivado/i2s2_2/Pmod-I2S2-Arty-S7-50.srcs/constrs_1/imports/constraints/Arty-S7-50-Rev-E-Master.xdc]
INFO: [Opt 31-138] Pushed 0 inverter(s) to 0 load pin(s).
Netlist sorting complete. Time (s): cpu = 00:00:00 ; elapsed = 00:00:00 . Memory (MB): peak = 2331.695 ; gain = 0.000 ; free physical = 5114 ; free virtual = 10845
INFO: [Project 1-111] Unisim Transformation Summary:
No Unisim elements were transformed.

16 Infos, 5 Warnings, 5 Critical Warnings and 0 Errors encountered.
link_design completed successfully
link_design: Time (s): cpu = 00:00:11 ; elapsed = 00:00:11 . Memory (MB): peak = 2331.730 ; gain = 1005.258 ; free physical = 5114 ; free virtual = 10845
Command: opt_design -directive RuntimeOptimized
INFO: [Vivado_Tcl 4-136] Directive used for opt_design is: RuntimeOptimized
Attempting to get a license for feature 'Implementation' and/or device 'xc7s50'
INFO: [Common 17-349] Got license for feature 'Implementation' and/or device 'xc7s50'
Running DRC as a precondition to command opt_design

Starting DRC Task
INFO: [DRC 23-27] Running DRC with 8 threads
INFO: [Project 1-461] DRC finished with 0 Errors
INFO: [Project 1-462] Please refer to the DRC report (report_drc) for more information.

Time (s): cpu = 00:00:01 ; elapsed = 00:00:00.76 . Memory (MB): peak = 2395.727 ; gain = 63.996 ; free physical = 5114 ; free virtual = 10839

Starting Logic Optimization Task

Phase 1 Initialization

Phase 1.1 Core Generation And Design Setup
Phase 1.1 Core Generation And Design Setup | Checksum: 12f74cc65

Time (s): cpu = 00:00:00 ; elapsed = 00:00:00 . Memory (MB): peak = 2629.609 ; gain = 0.000 ; free physical = 4810 ; free virtual = 10564

Phase 1.2 Setup Constraints And Sort Netlist
Phase 1.2 Setup Constraints And Sort Netlist | Checksum: 12f74cc65

Time (s): cpu = 00:00:00 ; elapsed = 00:00:00 . Memory (MB): peak = 2629.609 ; gain = 0.000 ; free physical = 4810 ; free virtual = 10564
Phase 1 Initialization | Checksum: 12f74cc65

Time (s): cpu = 00:00:00 ; elapsed = 00:00:00 . Memory (MB): peak = 2629.609 ; gain = 0.000 ; free physical = 4810 ; free virtual = 10564

Phase 2 Timer Update And Timing Data Collection

Phase 2.1 Timer Update
INFO: [Timing 38-35] Done setting XDC timing constraints.
INFO: [Timing 38-2] Deriving generated clocks
Phase 2.1 Timer Update | Checksum: 12f74cc65

Time (s): cpu = 00:00:00.44 ; elapsed = 00:00:00.11 . Memory (MB): peak = 2674.422 ; gain = 44.812 ; free physical = 4809 ; free virtual = 10562

Phase 2.2 Timing Data Collection
Phase 2.2 Timing Data Collection | Checksum: 12f74cc65

Time (s): cpu = 00:00:00.44 ; elapsed = 00:00:00.12 . Memory (MB): peak = 2674.422 ; gain = 44.812 ; free physical = 4809 ; free virtual = 10562
Phase 2 Timer Update And Timing Data Collection | Checksum: 12f74cc65

Time (s): cpu = 00:00:00.44 ; elapsed = 00:00:00.12 . Memory (MB): peak = 2674.422 ; gain = 44.812 ; free physical = 4809 ; free virtual = 10562

Phase 3 Retarget
INFO: [Opt 31-138] Pushed 0 inverter(s) to 0 load pin(s).
INFO: [Opt 31-49] Retargeted 0 cell(s).
Phase 3 Retarget | Checksum: 18ca7037b

Time (s): cpu = 00:00:00.51 ; elapsed = 00:00:00.16 . Memory (MB): peak = 2674.422 ; gain = 44.812 ; free physical = 4809 ; free virtual = 10562
Retarget | Checksum: 18ca7037b
INFO: [Opt 31-389] Phase Retarget created 12 cells and removed 34 cells
INFO: [Opt 31-1021] In phase Retarget, 1 netlist objects are constrained preventing optimization. Please run opt_design with -debug_log to get more detail. 

Phase 4 Constant propagation
INFO: [Opt 31-138] Pushed 0 inverter(s) to 0 load pin(s).
Phase 4 Constant propagation | Checksum: 21ad01216

Time (s): cpu = 00:00:00.53 ; elapsed = 00:00:00.18 . Memory (MB): peak = 2674.422 ; gain = 44.812 ; free physical = 4809 ; free virtual = 10562
Constant propagation | Checksum: 21ad01216
INFO: [Opt 31-389] Phase Constant propagation created 4 cells and removed 74 cells

Phase 5 Sweep
Phase 5 Sweep | Checksum: 1365fb0d2

Time (s): cpu = 00:00:00.57 ; elapsed = 00:00:00.22 . Memory (MB): peak = 2674.422 ; gain = 44.812 ; free physical = 4809 ; free virtual = 10562
Sweep | Checksum: 1365fb0d2
INFO: [Opt 31-389] Phase Sweep created 0 cells and removed 168 cells

Phase 6 BUFG optimization
Phase 6 BUFG optimization | Checksum: 1365fb0d2

Time (s): cpu = 00:00:00.58 ; elapsed = 00:00:00.23 . Memory (MB): peak = 2674.422 ; gain = 44.812 ; free physical = 4809 ; free virtual = 10562
BUFG optimization | Checksum: 1365fb0d2
INFO: [Opt 31-662] Phase BUFG optimization created 0 cells of which 0 are BUFGs and removed 0 cells.

Phase 7 Shift Register Optimization
INFO: [Opt 31-1064] SRL Remap converted 0 SRLs to 0 registers and converted 0 registers of register chains to 0 SRLs
Phase 7 Shift Register Optimization | Checksum: 1365fb0d2

Time (s): cpu = 00:00:00.58 ; elapsed = 00:00:00.24 . Memory (MB): peak = 2674.422 ; gain = 44.812 ; free physical = 4809 ; free virtual = 10562
Shift Register Optimization | Checksum: 1365fb0d2
INFO: [Opt 31-389] Phase Shift Register Optimization created 0 cells and removed 0 cells

Phase 8 Post Processing Netlist
Phase 8 Post Processing Netlist | Checksum: 1365fb0d2

Time (s): cpu = 00:00:00.59 ; elapsed = 00:00:00.24 . Memory (MB): peak = 2674.422 ; gain = 44.812 ; free physical = 4809 ; free virtual = 10562
Post Processing Netlist | Checksum: 1365fb0d2
INFO: [Opt 31-389] Phase Post Processing Netlist created 0 cells and removed 0 cells

Phase 9 Finalization

Phase 9.1 Finalizing Design Cores and Updating Shapes
Phase 9.1 Finalizing Design Cores and Updating Shapes | Checksum: 1051cb28a

Time (s): cpu = 00:00:00.61 ; elapsed = 00:00:00.25 . Memory (MB): peak = 2674.422 ; gain = 44.812 ; free physical = 4809 ; free virtual = 10562

Phase 9.2 Verifying Netlist Connectivity

Starting Connectivity Check Task

Time (s): cpu = 00:00:00 ; elapsed = 00:00:00 . Memory (MB): peak = 2674.422 ; gain = 0.000 ; free physical = 4809 ; free virtual = 10562
Phase 9.2 Verifying Netlist Connectivity | Checksum: 1051cb28a

Time (s): cpu = 00:00:00.61 ; elapsed = 00:00:00.25 . Memory (MB): peak = 2674.422 ; gain = 44.812 ; free physical = 4809 ; free virtual = 10562
Phase 9 Finalization | Checksum: 1051cb28a

Time (s): cpu = 00:00:00.61 ; elapsed = 00:00:00.25 . Memory (MB): peak = 2674.422 ; gain = 44.812 ; free physical = 4809 ; free virtual = 10562
Opt_design Change Summary
=========================


-------------------------------------------------------------------------------------------------------------------------
|  Phase                        |  #Cells created  |  #Cells Removed  |  #Constrained objects preventing optimizations  |
-------------------------------------------------------------------------------------------------------------------------
|  Retarget                     |              12  |              34  |                                              1  |
|  Constant propagation         |               4  |              74  |                                              0  |
|  Sweep                        |               0  |             168  |                                              0  |
|  BUFG optimization            |               0  |               0  |                                              0  |
|  Shift Register Optimization  |               0  |               0  |                                              0  |
|  Post Processing Netlist      |               0  |               0  |                                              0  |
-------------------------------------------------------------------------------------------------------------------------


Ending Logic Optimization Task | Checksum: 1051cb28a

Time (s): cpu = 00:00:00.62 ; elapsed = 00:00:00.25 . Memory (MB): peak = 2674.422 ; gain = 44.812 ; free physical = 4809 ; free virtual = 10562
INFO: [Constraints 18-11670] Building netlist checker database with flags, 0x8
Done building netlist checker database: Time (s): cpu = 00:00:00 ; elapsed = 00:00:00 . Memory (MB): peak = 2674.422 ; gain = 0.000 ; free physical = 4809 ; free virtual = 10562

Starting Netlist Obfuscation Task
Netlist sorting complete. Time (s): cpu = 00:00:00 ; elapsed = 00:00:00 . Memory (MB): peak = 2674.422 ; gain = 0.000 ; free physical = 4809 ; free virtual = 10562
Ending Netlist Obfuscation Task | Checksum: 1051cb28a

Time (s): cpu = 00:00:00 ; elapsed = 00:00:00 . Memory (MB): peak = 2674.422 ; gain = 0.000 ; free physical = 4809 ; free virtual = 10562
INFO: [Common 17-83] Releasing license: Implementation
36 Infos, 5 Warnings, 5 Critical Warnings and 0 Errors encountered.
opt_design completed successfully
INFO: [runtcl-4] Executing : report_drc -file reciever_wrapper_drc_opted.rpt -pb reciever_wrapper_drc_opted.pb -rpx reciever_wrapper_drc_opted.rpx
Command: report_drc -file reciever_wrapper_drc_opted.rpt -pb reciever_wrapper_drc_opted.pb -rpx reciever_wrapper_drc_opted.rpx
INFO: [IP_Flow 19-1839] IP Catalog is up to date.
INFO: [DRC 23-27] Running DRC with 8 threads
INFO: [Vivado_Tcl 2-168] The results of DRC are in file /home/benny/work/fpga/vivado/i2s2_2/Pmod-I2S2-Arty-S7-50.runs/impl_1/reciever_wrapper_drc_opted.rpt.
report_drc completed successfully
INFO: [Timing 38-35] Done setting XDC timing constraints.
INFO: [Timing 38-480] Writing timing data to binary archive.
Wrote PlaceDB: Time (s): cpu = 00:00:00 ; elapsed = 00:00:00 . Memory (MB): peak = 2746.457 ; gain = 0.000 ; free physical = 4812 ; free virtual = 10533
Write ShapeDB Complete: Time (s): cpu = 00:00:00 ; elapsed = 00:00:00 . Memory (MB): peak = 2746.457 ; gain = 0.000 ; free physical = 4812 ; free virtual = 10533
Wrote PulsedLatchDB: Time (s): cpu = 00:00:00 ; elapsed = 00:00:00 . Memory (MB): peak = 2746.457 ; gain = 0.000 ; free physical = 4812 ; free virtual = 10533
Writing XDEF routing.
Writing XDEF routing logical nets.
Writing XDEF routing special nets.
Wrote RouteStorage: Time (s): cpu = 00:00:00.05 ; elapsed = 00:00:00.01 . Memory (MB): peak = 2746.457 ; gain = 0.000 ; free physical = 4811 ; free virtual = 10532
Wrote Netlist Cache: Time (s): cpu = 00:00:00 ; elapsed = 00:00:00 . Memory (MB): peak = 2746.457 ; gain = 0.000 ; free physical = 4811 ; free virtual = 10532
Wrote Device Cache: Time (s): cpu = 00:00:00.01 ; elapsed = 00:00:00.01 . Memory (MB): peak = 2746.457 ; gain = 0.000 ; free physical = 4809 ; free virtual = 10530
Write Physdb Complete: Time (s): cpu = 00:00:00.07 ; elapsed = 00:00:00.02 . Memory (MB): peak = 2746.457 ; gain = 0.000 ; free physical = 4809 ; free virtual = 10530
INFO: [Common 17-1381] The checkpoint '/home/benny/work/fpga/vivado/i2s2_2/Pmod-I2S2-Arty-S7-50.runs/impl_1/reciever_wrapper_opt.dcp' has been generated.
Command: place_design -directive RuntimeOptimized
Attempting to get a license for feature 'Implementation' and/or device 'xc7s50'
INFO: [Common 17-349] Got license for feature 'Implementation' and/or device 'xc7s50'
INFO: [Common 17-83] Releasing license: Implementation
INFO: [DRC 23-27] Running DRC with 8 threads
INFO: [Vivado_Tcl 4-198] DRC finished with 0 Errors
INFO: [Vivado_Tcl 4-199] Please refer to the DRC report (report_drc) for more information.
Running DRC as a precondition to command place_design
INFO: [DRC 23-27] Running DRC with 8 threads
INFO: [Vivado_Tcl 4-198] DRC finished with 0 Errors
INFO: [Vivado_Tcl 4-199] Please refer to the DRC report (report_drc) for more information.
INFO: [Place 46-5] The placer was invoked with the 'RuntimeOptimized' directive.
INFO: [Place 30-611] Multithreading enabled for place_design using a maximum of 8 CPUs

Starting Placer Task

Phase 1 Placer Initialization

Phase 1.1 Placer Initialization Netlist Sorting
Netlist sorting complete. Time (s): cpu = 00:00:00 ; elapsed = 00:00:00 . Memory (MB): peak = 2746.457 ; gain = 0.000 ; free physical = 4795 ; free virtual = 10516
Phase 1.1 Placer Initialization Netlist Sorting | Checksum: e1500ded

Time (s): cpu = 00:00:00 ; elapsed = 00:00:00 . Memory (MB): peak = 2746.457 ; gain = 0.000 ; free physical = 4795 ; free virtual = 10516
Netlist sorting complete. Time (s): cpu = 00:00:00 ; elapsed = 00:00:00 . Memory (MB): peak = 2746.457 ; gain = 0.000 ; free physical = 4795 ; free virtual = 10516

Phase 1.2 IO Placement/ Clock Placement/ Build Placer Device
Phase 1.2 IO Placement/ Clock Placement/ Build Placer Device | Checksum: 1724116f7

Time (s): cpu = 00:00:00.21 ; elapsed = 00:00:00.11 . Memory (MB): peak = 2746.457 ; gain = 0.000 ; free physical = 4791 ; free virtual = 10511

Phase 1.3 Build Placer Netlist Model
Phase 1.3 Build Placer Netlist Model | Checksum: 1ce9a1790

Time (s): cpu = 00:00:00.52 ; elapsed = 00:00:00.29 . Memory (MB): peak = 2746.457 ; gain = 0.000 ; free physical = 4759 ; free virtual = 10510

Phase 1.4 Constrain Clocks/Macros
Phase 1.4 Constrain Clocks/Macros | Checksum: 1ce9a1790

Time (s): cpu = 00:00:00.52 ; elapsed = 00:00:00.3 . Memory (MB): peak = 2746.457 ; gain = 0.000 ; free physical = 4758 ; free virtual = 10510
Phase 1 Placer Initialization | Checksum: 1ce9a1790

Time (s): cpu = 00:00:00.52 ; elapsed = 00:00:00.3 . Memory (MB): peak = 2746.457 ; gain = 0.000 ; free physical = 4758 ; free virtual = 10510

Phase 2 Global Placement

Phase 2.1 Floorplanning
Phase 2.1 Floorplanning | Checksum: 1e643ac5b

Time (s): cpu = 00:00:00.86 ; elapsed = 00:00:00.4 . Memory (MB): peak = 2746.457 ; gain = 0.000 ; free physical = 4759 ; free virtual = 10511

Phase 2.2 Update Timing before SLR Path Opt
Phase 2.2 Update Timing before SLR Path Opt | Checksum: 19eadd6dc

Time (s): cpu = 00:00:00.93 ; elapsed = 00:00:00.44 . Memory (MB): peak = 2746.457 ; gain = 0.000 ; free physical = 4758 ; free virtual = 10511

Phase 2.3 Post-Processing in Floorplanning
Phase 2.3 Post-Processing in Floorplanning | Checksum: 19eadd6dc

Time (s): cpu = 00:00:00.94 ; elapsed = 00:00:00.44 . Memory (MB): peak = 2746.457 ; gain = 0.000 ; free physical = 4758 ; free virtual = 10511

Phase 2.4 Global Placement Core
Phase 2.4 Global Placement Core | Checksum: 2481daebe

Time (s): cpu = 00:00:04 ; elapsed = 00:00:01 . Memory (MB): peak = 2746.457 ; gain = 0.000 ; free physical = 4835 ; free virtual = 10580
Phase 2 Global Placement | Checksum: 2481daebe

Time (s): cpu = 00:00:04 ; elapsed = 00:00:01 . Memory (MB): peak = 2746.457 ; gain = 0.000 ; free physical = 4835 ; free virtual = 10580

Phase 3 Detail Placement

Phase 3.1 Commit Multi Column Macros
Phase 3.1 Commit Multi Column Macros | Checksum: 1e9eea7eb

Time (s): cpu = 00:00:04 ; elapsed = 00:00:01 . Memory (MB): peak = 2746.457 ; gain = 0.000 ; free physical = 4834 ; free virtual = 10579

Phase 3.2 Commit Most Macros & LUTRAMs
Phase 3.2 Commit Most Macros & LUTRAMs | Checksum: 1e3e874ee

Time (s): cpu = 00:00:04 ; elapsed = 00:00:01 . Memory (MB): peak = 2746.457 ; gain = 0.000 ; free physical = 4793 ; free virtual = 10578

Phase 3.3 Area Swap Optimization
Phase 3.3 Area Swap Optimization | Checksum: 22d061659

Time (s): cpu = 00:00:04 ; elapsed = 00:00:01 . Memory (MB): peak = 2746.457 ; gain = 0.000 ; free physical = 4777 ; free virtual = 10571

Phase 3.4 Pipeline Register Optimization
Phase 3.4 Pipeline Register Optimization | Checksum: 22d061659

Time (s): cpu = 00:00:04 ; elapsed = 00:00:01 . Memory (MB): peak = 2746.457 ; gain = 0.000 ; free physical = 4777 ; free virtual = 10572

Phase 3.5 Small Shape Detail Placement
Phase 3.5 Small Shape Detail Placement | Checksum: 29615507c

Time (s): cpu = 00:00:04 ; elapsed = 00:00:02 . Memory (MB): peak = 2746.457 ; gain = 0.000 ; free physical = 4774 ; free virtual = 10569

Phase 3.6 Re-assign LUT pins
Phase 3.6 Re-assign LUT pins | Checksum: 1fa34d677

Time (s): cpu = 00:00:04 ; elapsed = 00:00:02 . Memory (MB): peak = 2746.457 ; gain = 0.000 ; free physical = 4774 ; free virtual = 10569

Phase 3.7 Pipeline Register Optimization
Phase 3.7 Pipeline Register Optimization | Checksum: 1fa34d677

Time (s): cpu = 00:00:04 ; elapsed = 00:00:02 . Memory (MB): peak = 2746.457 ; gain = 0.000 ; free physical = 4774 ; free virtual = 10569
Phase 3 Detail Placement | Checksum: 1fa34d677

Time (s): cpu = 00:00:04 ; elapsed = 00:00:02 . Memory (MB): peak = 2746.457 ; gain = 0.000 ; free physical = 4774 ; free virtual = 10569

Phase 4 Post Placement Optimization and Clean-Up

Phase 4.1 Post Commit Optimization
INFO: [Timing 38-35] Done setting XDC timing constraints.

Phase 4.1.1 Post Placement Optimization
Post Placement Optimization Initialization | Checksum: 15ef4b927

Phase 4.1.1.1 BUFG Insertion

Starting Physical Synthesis Task

Phase 1 Physical Synthesis Initialization
INFO: [Physopt 32-721] Multithreading enabled for phys_opt_design using a maximum of 8 CPUs
INFO: [Physopt 32-619] Estimated Timing Summary | WNS=32.272 | TNS=0.000 |
Phase 1 Physical Synthesis Initialization | Checksum: 1151be6be

Time (s): cpu = 00:00:00.12 ; elapsed = 00:00:00.05 . Memory (MB): peak = 2746.457 ; gain = 0.000 ; free physical = 4771 ; free virtual = 10566
INFO: [Place 46-56] BUFG insertion identified 0 candidate nets. Inserted BUFG: 0, Replicated BUFG Driver: 0, Skipped due to Placement/Routing Conflicts: 0, Skipped due to Timing Degradation: 0, Skipped due to netlist editing failed: 0.
Ending Physical Synthesis Task | Checksum: 1151be6be

Time (s): cpu = 00:00:00.12 ; elapsed = 00:00:00.06 . Memory (MB): peak = 2746.457 ; gain = 0.000 ; free physical = 4771 ; free virtual = 10566
Phase 4.1.1.1 BUFG Insertion | Checksum: 15ef4b927

Time (s): cpu = 00:00:05 ; elapsed = 00:00:02 . Memory (MB): peak = 2746.457 ; gain = 0.000 ; free physical = 4771 ; free virtual = 10566

Phase 4.1.1.2 Post Placement Timing Optimization
INFO: [Place 30-746] Post Placement Timing Summary WNS=32.272. For the most accurate timing information please run report_timing.
Phase 4.1.1.2 Post Placement Timing Optimization | Checksum: 1f0a75f0e

Time (s): cpu = 00:00:05 ; elapsed = 00:00:02 . Memory (MB): peak = 2746.457 ; gain = 0.000 ; free physical = 4771 ; free virtual = 10566

Time (s): cpu = 00:00:05 ; elapsed = 00:00:02 . Memory (MB): peak = 2746.457 ; gain = 0.000 ; free physical = 4771 ; free virtual = 10566
Phase 4.1 Post Commit Optimization | Checksum: 1f0a75f0e

Time (s): cpu = 00:00:05 ; elapsed = 00:00:02 . Memory (MB): peak = 2746.457 ; gain = 0.000 ; free physical = 4771 ; free virtual = 10566

Phase 4.2 Post Placement Cleanup
Phase 4.2 Post Placement Cleanup | Checksum: 1f0a75f0e

Time (s): cpu = 00:00:05 ; elapsed = 00:00:02 . Memory (MB): peak = 2746.457 ; gain = 0.000 ; free physical = 4771 ; free virtual = 10566

Phase 4.3 Placer Reporting

Phase 4.3.1 Print Estimated Congestion
INFO: [Place 30-612] Post-Placement Estimated Congestion 
 ____________________________________________________
|           | Global Congestion | Short Congestion  |
| Direction | Region Size       | Region Size       |
|___________|___________________|___________________|
|      North|                1x1|                1x1|
|___________|___________________|___________________|
|      South|                1x1|                1x1|
|___________|___________________|___________________|
|       East|                1x1|                1x1|
|___________|___________________|___________________|
|       West|                1x1|                1x1|
|___________|___________________|___________________|

Phase 4.3.1 Print Estimated Congestion | Checksum: 1f0a75f0e

Time (s): cpu = 00:00:05 ; elapsed = 00:00:02 . Memory (MB): peak = 2746.457 ; gain = 0.000 ; free physical = 4771 ; free virtual = 10566
Phase 4.3 Placer Reporting | Checksum: 1f0a75f0e

Time (s): cpu = 00:00:05 ; elapsed = 00:00:02 . Memory (MB): peak = 2746.457 ; gain = 0.000 ; free physical = 4771 ; free virtual = 10566

Phase 4.4 Final Placement Cleanup
Netlist sorting complete. Time (s): cpu = 00:00:00 ; elapsed = 00:00:00 . Memory (MB): peak = 2746.457 ; gain = 0.000 ; free physical = 4771 ; free virtual = 10566

Time (s): cpu = 00:00:05 ; elapsed = 00:00:02 . Memory (MB): peak = 2746.457 ; gain = 0.000 ; free physical = 4771 ; free virtual = 10566
Phase 4 Post Placement Optimization and Clean-Up | Checksum: 13aa7c3fc

Time (s): cpu = 00:00:05 ; elapsed = 00:00:02 . Memory (MB): peak = 2746.457 ; gain = 0.000 ; free physical = 4771 ; free virtual = 10566
Ending Placer Task | Checksum: 3b4fa70f

Time (s): cpu = 00:00:05 ; elapsed = 00:00:02 . Memory (MB): peak = 2746.457 ; gain = 0.000 ; free physical = 4771 ; free virtual = 10566
59 Infos, 5 Warnings, 5 Critical Warnings and 0 Errors encountered.
place_design completed successfully
INFO: [runtcl-4] Executing : report_io -file reciever_wrapper_io_placed.rpt
report_io: Time (s): cpu = 00:00:00.08 ; elapsed = 00:00:00.13 . Memory (MB): peak = 2746.457 ; gain = 0.000 ; free physical = 4764 ; free virtual = 10558
INFO: [runtcl-4] Executing : report_utilization -file reciever_wrapper_utilization_placed.rpt -pb reciever_wrapper_utilization_placed.pb
INFO: [runtcl-4] Executing : report_control_sets -verbose -file reciever_wrapper_control_sets_placed.rpt
report_control_sets: Time (s): cpu = 00:00:00 ; elapsed = 00:00:00.07 . Memory (MB): peak = 2746.457 ; gain = 0.000 ; free physical = 4763 ; free virtual = 10558
INFO: [Timing 38-480] Writing timing data to binary archive.
Write ShapeDB Complete: Time (s): cpu = 00:00:00 ; elapsed = 00:00:00 . Memory (MB): peak = 2746.457 ; gain = 0.000 ; free physical = 4763 ; free virtual = 10558
Wrote PlaceDB: Time (s): cpu = 00:00:00.08 ; elapsed = 00:00:00.03 . Memory (MB): peak = 2746.457 ; gain = 0.000 ; free physical = 4762 ; free virtual = 10557
Wrote PulsedLatchDB: Time (s): cpu = 00:00:00 ; elapsed = 00:00:00 . Memory (MB): peak = 2746.457 ; gain = 0.000 ; free physical = 4762 ; free virtual = 10557
Writing XDEF routing.
Writing XDEF routing logical nets.
Writing XDEF routing special nets.
Wrote RouteStorage: Time (s): cpu = 00:00:00.05 ; elapsed = 00:00:00.01 . Memory (MB): peak = 2746.457 ; gain = 0.000 ; free physical = 4762 ; free virtual = 10557
Wrote Netlist Cache: Time (s): cpu = 00:00:00 ; elapsed = 00:00:00 . Memory (MB): peak = 2746.457 ; gain = 0.000 ; free physical = 4762 ; free virtual = 10557
Wrote Device Cache: Time (s): cpu = 00:00:00.01 ; elapsed = 00:00:00 . Memory (MB): peak = 2746.457 ; gain = 0.000 ; free physical = 4762 ; free virtual = 10557
Write Physdb Complete: Time (s): cpu = 00:00:00.15 ; elapsed = 00:00:00.04 . Memory (MB): peak = 2746.457 ; gain = 0.000 ; free physical = 4761 ; free virtual = 10557
INFO: [Common 17-1381] The checkpoint '/home/benny/work/fpga/vivado/i2s2_2/Pmod-I2S2-Arty-S7-50.runs/impl_1/reciever_wrapper_placed.dcp' has been generated.
Command: route_design -directive RuntimeOptimized
Attempting to get a license for feature 'Implementation' and/or device 'xc7s50'
INFO: [Common 17-349] Got license for feature 'Implementation' and/or device 'xc7s50'
Running DRC as a precondition to command route_design
INFO: [DRC 23-27] Running DRC with 8 threads
INFO: [Vivado_Tcl 4-198] DRC finished with 0 Errors
INFO: [Vivado_Tcl 4-199] Please refer to the DRC report (report_drc) for more information.


Starting Routing Task
INFO: [Route 35-270] Using Router directive 'RuntimeOptimized'.
INFO: [Route 35-254] Multithreading enabled for route_design using a maximum of 8 CPUs

Phase 1 Build RT Design
Checksum: PlaceDB: 37a10917 ConstDB: 0 ShapeSum: 3ae9df8 RouteDB: 0
Post Restoration Checksum: NetGraph: b6a35d16 | NumContArr: 141d87db | Constraints: c2a8fa9d | Timing: c2a8fa9d
Phase 1 Build RT Design | Checksum: 25012da2b

Time (s): cpu = 00:00:18 ; elapsed = 00:00:16 . Memory (MB): peak = 2810.098 ; gain = 60.945 ; free physical = 4637 ; free virtual = 10376

Phase 2 Router Initialization

Phase 2.1 Fix Topology Constraints
Phase 2.1 Fix Topology Constraints | Checksum: 25012da2b

Time (s): cpu = 00:00:18 ; elapsed = 00:00:16 . Memory (MB): peak = 2810.098 ; gain = 60.945 ; free physical = 4635 ; free virtual = 10376

Phase 2.2 Pre Route Cleanup
Phase 2.2 Pre Route Cleanup | Checksum: 25012da2b

Time (s): cpu = 00:00:18 ; elapsed = 00:00:16 . Memory (MB): peak = 2810.098 ; gain = 60.945 ; free physical = 4634 ; free virtual = 10376
 Number of Nodes with overlaps = 0

Phase 2.3 Update Timing
Phase 2.3 Update Timing | Checksum: 24e1f7290

Time (s): cpu = 00:00:19 ; elapsed = 00:00:16 . Memory (MB): peak = 2827.098 ; gain = 77.945 ; free physical = 4596 ; free virtual = 10360
INFO: [Route 35-416] Intermediate Timing Summary | WNS=32.202 | TNS=0.000  | WHS=-0.363 | THS=-38.223|


Router Utilization Summary
  Global Vertical Routing Utilization    = 0 %
  Global Horizontal Routing Utilization  = 0 %
  Routable Net Status*
  *Does not include unroutable nets such as driverless and loadless.
  Run report_route_status for detailed report.
  Number of Failed Nets               = 528
    (Failed Nets is the sum of unrouted and partially routed nets)
  Number of Unrouted Nets             = 528
  Number of Partially Routed Nets     = 0
  Number of Node Overlaps             = 0

Phase 2 Router Initialization | Checksum: 29fabf482

Time (s): cpu = 00:00:19 ; elapsed = 00:00:16 . Memory (MB): peak = 2833.098 ; gain = 83.945 ; free physical = 4594 ; free virtual = 10357

Phase 3 Initial Routing

Phase 3.1 Global Routing
Phase 3.1 Global Routing | Checksum: 29fabf482

Time (s): cpu = 00:00:19 ; elapsed = 00:00:16 . Memory (MB): peak = 2833.098 ; gain = 83.945 ; free physical = 4594 ; free virtual = 10357

Phase 3.2 Initial Net Routing
Phase 3.2 Initial Net Routing | Checksum: 2bc012ecc

Time (s): cpu = 00:00:20 ; elapsed = 00:00:17 . Memory (MB): peak = 2833.098 ; gain = 83.945 ; free physical = 4590 ; free virtual = 10356
Phase 3 Initial Routing | Checksum: 2bc012ecc

Time (s): cpu = 00:00:20 ; elapsed = 00:00:17 . Memory (MB): peak = 2833.098 ; gain = 83.945 ; free physical = 4590 ; free virtual = 10356

Phase 4 Rip-up And Reroute

Phase 4.1 Global Iteration 0
 Number of Nodes with overlaps = 6
 Number of Nodes with overlaps = 0
INFO: [Route 35-416] Intermediate Timing Summary | WNS=31.697 | TNS=0.000  | WHS=N/A    | THS=N/A    |

Phase 4.1 Global Iteration 0 | Checksum: 24b056e0a

Time (s): cpu = 00:00:20 ; elapsed = 00:00:17 . Memory (MB): peak = 2833.098 ; gain = 83.945 ; free physical = 4601 ; free virtual = 10345

Phase 4.2 Global Iteration 1
 Number of Nodes with overlaps = 1
 Number of Nodes with overlaps = 0
INFO: [Route 35-416] Intermediate Timing Summary | WNS=31.697 | TNS=0.000  | WHS=N/A    | THS=N/A    |

Phase 4.2 Global Iteration 1 | Checksum: 309bd5a26

Time (s): cpu = 00:00:20 ; elapsed = 00:00:17 . Memory (MB): peak = 2833.098 ; gain = 83.945 ; free physical = 4599 ; free virtual = 10344
Phase 4 Rip-up And Reroute | Checksum: 309bd5a26

Time (s): cpu = 00:00:20 ; elapsed = 00:00:17 . Memory (MB): peak = 2833.098 ; gain = 83.945 ; free physical = 4599 ; free virtual = 10344

Phase 5 Delay and Skew Optimization

Phase 5.1 Delay CleanUp
Phase 5.1 Delay CleanUp | Checksum: 309bd5a26

Time (s): cpu = 00:00:20 ; elapsed = 00:00:17 . Memory (MB): peak = 2833.098 ; gain = 83.945 ; free physical = 4599 ; free virtual = 10344

Phase 5.2 Clock Skew Optimization
Phase 5.2 Clock Skew Optimization | Checksum: 309bd5a26

Time (s): cpu = 00:00:20 ; elapsed = 00:00:17 . Memory (MB): peak = 2833.098 ; gain = 83.945 ; free physical = 4599 ; free virtual = 10344
Phase 5 Delay and Skew Optimization | Checksum: 309bd5a26

Time (s): cpu = 00:00:20 ; elapsed = 00:00:17 . Memory (MB): peak = 2833.098 ; gain = 83.945 ; free physical = 4599 ; free virtual = 10344

Phase 6 Post Hold Fix

Phase 6.1 Hold Fix Iter

Phase 6.1.1 Update Timing
Phase 6.1.1 Update Timing | Checksum: 32fb3413b

Time (s): cpu = 00:00:21 ; elapsed = 00:00:17 . Memory (MB): peak = 2833.098 ; gain = 83.945 ; free physical = 4598 ; free virtual = 10343
INFO: [Route 35-416] Intermediate Timing Summary | WNS=31.776 | TNS=0.000  | WHS=0.009  | THS=0.000  |

Phase 6.1 Hold Fix Iter | Checksum: 3077ca963

Time (s): cpu = 00:00:21 ; elapsed = 00:00:17 . Memory (MB): peak = 2833.098 ; gain = 83.945 ; free physical = 4598 ; free virtual = 10343
Phase 6 Post Hold Fix | Checksum: 3077ca963

Time (s): cpu = 00:00:21 ; elapsed = 00:00:17 . Memory (MB): peak = 2833.098 ; gain = 83.945 ; free physical = 4598 ; free virtual = 10343

Phase 7 Route finalize

Router Utilization Summary
  Global Vertical Routing Utilization    = 0.148689 %
  Global Horizontal Routing Utilization  = 0.168272 %
  Routable Net Status*
  *Does not include unroutable nets such as driverless and loadless.
  Run report_route_status for detailed report.
  Number of Failed Nets               = 0
    (Failed Nets is the sum of unrouted and partially routed nets)
  Number of Unrouted Nets             = 0
  Number of Partially Routed Nets     = 0
  Number of Node Overlaps             = 0

Phase 7 Route finalize | Checksum: 3077ca963

Time (s): cpu = 00:00:21 ; elapsed = 00:00:17 . Memory (MB): peak = 2833.098 ; gain = 83.945 ; free physical = 4598 ; free virtual = 10343

Phase 8 Verifying routed nets

 Verification completed successfully
Phase 8 Verifying routed nets | Checksum: 3077ca963

Time (s): cpu = 00:00:21 ; elapsed = 00:00:17 . Memory (MB): peak = 2833.098 ; gain = 83.945 ; free physical = 4598 ; free virtual = 10343

Phase 9 Depositing Routes
Phase 9 Depositing Routes | Checksum: 27212494d

Time (s): cpu = 00:00:21 ; elapsed = 00:00:17 . Memory (MB): peak = 2833.098 ; gain = 83.945 ; free physical = 4598 ; free virtual = 10343

Phase 10 Post Router Timing
INFO: [Route 35-57] Estimated Timing Summary | WNS=31.776 | TNS=0.000  | WHS=0.009  | THS=0.000  |

INFO: [Route 35-327] The final timing numbers are based on the router estimated timing analysis. For a complete and accurate timing signoff, please run report_timing_summary.
Phase 10 Post Router Timing | Checksum: 27212494d

Time (s): cpu = 00:00:21 ; elapsed = 00:00:17 . Memory (MB): peak = 2833.098 ; gain = 83.945 ; free physical = 4598 ; free virtual = 10343
INFO: [Route 35-16] Router Completed Successfully

Phase 11 Post-Route Event Processing
Phase 11 Post-Route Event Processing | Checksum: 181957f32

Time (s): cpu = 00:00:21 ; elapsed = 00:00:17 . Memory (MB): peak = 2833.098 ; gain = 83.945 ; free physical = 4598 ; free virtual = 10343
Ending Routing Task | Checksum: 181957f32

Time (s): cpu = 00:00:21 ; elapsed = 00:00:17 . Memory (MB): peak = 2833.098 ; gain = 83.945 ; free physical = 4598 ; free virtual = 10343

Routing Is Done.
INFO: [Common 17-83] Releasing license: Implementation
78 Infos, 5 Warnings, 5 Critical Warnings and 0 Errors encountered.
route_design completed successfully
route_design: Time (s): cpu = 00:00:22 ; elapsed = 00:00:18 . Memory (MB): peak = 2833.098 ; gain = 86.641 ; free physical = 4598 ; free virtual = 10343
INFO: [runtcl-4] Executing : report_drc -file reciever_wrapper_drc_routed.rpt -pb reciever_wrapper_drc_routed.pb -rpx reciever_wrapper_drc_routed.rpx
Command: report_drc -file reciever_wrapper_drc_routed.rpt -pb reciever_wrapper_drc_routed.pb -rpx reciever_wrapper_drc_routed.rpx
INFO: [IP_Flow 19-1839] IP Catalog is up to date.
INFO: [DRC 23-27] Running DRC with 8 threads
INFO: [Vivado_Tcl 2-168] The results of DRC are in file /home/benny/work/fpga/vivado/i2s2_2/Pmod-I2S2-Arty-S7-50.runs/impl_1/reciever_wrapper_drc_routed.rpt.
report_drc completed successfully
INFO: [runtcl-4] Executing : report_methodology -file reciever_wrapper_methodology_drc_routed.rpt -pb reciever_wrapper_methodology_drc_routed.pb -rpx reciever_wrapper_methodology_drc_routed.rpx
Command: report_methodology -file reciever_wrapper_methodology_drc_routed.rpt -pb reciever_wrapper_methodology_drc_routed.pb -rpx reciever_wrapper_methodology_drc_routed.rpx
INFO: [Timing 38-35] Done setting XDC timing constraints.
INFO: [DRC 23-133] Running Methodology with 8 threads
INFO: [Vivado_Tcl 2-1520] The results of Report Methodology are in file /home/benny/work/fpga/vivado/i2s2_2/Pmod-I2S2-Arty-S7-50.runs/impl_1/reciever_wrapper_methodology_drc_routed.rpt.
report_methodology completed successfully
INFO: [runtcl-4] Executing : report_power -file reciever_wrapper_power_routed.rpt -pb reciever_wrapper_power_summary_routed.pb -rpx reciever_wrapper_power_routed.rpx
Command: report_power -file reciever_wrapper_power_routed.rpt -pb reciever_wrapper_power_summary_routed.pb -rpx reciever_wrapper_power_routed.rpx
INFO: [Timing 38-35] Done setting XDC timing constraints.
Running Vector-less Activity Propagation...

Finished Running Vector-less Activity Propagation
88 Infos, 5 Warnings, 5 Critical Warnings and 0 Errors encountered.
report_power completed successfully
INFO: [runtcl-4] Executing : report_route_status -file reciever_wrapper_route_status.rpt -pb reciever_wrapper_route_status.pb
INFO: [runtcl-4] Executing : report_timing_summary -max_paths 10 -file reciever_wrapper_timing_summary_routed.rpt -pb reciever_wrapper_timing_summary_routed.pb -rpx reciever_wrapper_timing_summary_routed.rpx -warn_on_violation 
INFO: [Timing 38-91] UpdateTimingParams: Speed grade: -1, Delay Type: min_max.
INFO: [Timing 38-191] Multithreading enabled for timing update using a maximum of 8 CPUs
INFO: [runtcl-4] Executing : report_incremental_reuse -file reciever_wrapper_incremental_reuse_routed.rpt
INFO: [Vivado_Tcl 4-1062] Incremental flow is disabled. No incremental reuse Info to report.
INFO: [runtcl-4] Executing : report_clock_utilization -file reciever_wrapper_clock_utilization_routed.rpt
INFO: [runtcl-4] Executing : report_bus_skew -warn_on_violation -file reciever_wrapper_bus_skew_routed.rpt -pb reciever_wrapper_bus_skew_routed.pb -rpx reciever_wrapper_bus_skew_routed.rpx
INFO: [Timing 38-91] UpdateTimingParams: Speed grade: -1, Delay Type: min_max.
INFO: [Timing 38-191] Multithreading enabled for timing update using a maximum of 8 CPUs
INFO: [Timing 38-480] Writing timing data to binary archive.
Write ShapeDB Complete: Time (s): cpu = 00:00:00 ; elapsed = 00:00:00 . Memory (MB): peak = 2944.953 ; gain = 0.000 ; free physical = 4600 ; free virtual = 10330
Wrote PlaceDB: Time (s): cpu = 00:00:00.09 ; elapsed = 00:00:00.02 . Memory (MB): peak = 2944.953 ; gain = 0.000 ; free physical = 4600 ; free virtual = 10330
Wrote PulsedLatchDB: Time (s): cpu = 00:00:00 ; elapsed = 00:00:00 . Memory (MB): peak = 2944.953 ; gain = 0.000 ; free physical = 4600 ; free virtual = 10330
Writing XDEF routing.
Writing XDEF routing logical nets.
Writing XDEF routing special nets.
Wrote RouteStorage: Time (s): cpu = 00:00:00.06 ; elapsed = 00:00:00.02 . Memory (MB): peak = 2944.953 ; gain = 0.000 ; free physical = 4600 ; free virtual = 10330
Wrote Netlist Cache: Time (s): cpu = 00:00:00 ; elapsed = 00:00:00 . Memory (MB): peak = 2944.953 ; gain = 0.000 ; free physical = 4600 ; free virtual = 10330
Wrote Device Cache: Time (s): cpu = 00:00:00.01 ; elapsed = 00:00:00 . Memory (MB): peak = 2944.953 ; gain = 0.000 ; free physical = 4600 ; free virtual = 10331
Write Physdb Complete: Time (s): cpu = 00:00:00.16 ; elapsed = 00:00:00.04 . Memory (MB): peak = 2944.953 ; gain = 0.000 ; free physical = 4600 ; free virtual = 10331
INFO: [Common 17-1381] The checkpoint '/home/benny/work/fpga/vivado/i2s2_2/Pmod-I2S2-Arty-S7-50.runs/impl_1/reciever_wrapper_routed.dcp' has been generated.
Command: write_bitstream -force reciever_wrapper.bit
Attempting to get a license for feature 'Implementation' and/or device 'xc7s50'
INFO: [Common 17-349] Got license for feature 'Implementation' and/or device 'xc7s50'
Running DRC as a precondition to command write_bitstream
INFO: [IP_Flow 19-1839] IP Catalog is up to date.
INFO: [DRC 23-27] Running DRC with 8 threads
WARNING: [DRC DPIP-1] Input pipelining: DSP reciever_i/dds_compiler_0/U0/i_synth/i_dds/I_SINCOS.i_comp_eff.i_eff/MULT_PI_U/i_synth_option.i_synth_model/opt_vx7.i_uniwrap/i_primitive input reciever_i/dds_compiler_0/U0/i_synth/i_dds/I_SINCOS.i_comp_eff.i_eff/MULT_PI_U/i_synth_option.i_synth_model/opt_vx7.i_uniwrap/i_primitive/A[29:0] is not pipelined. Pipelining DSP48 input will improve performance.
WARNING: [DRC DPIP-1] Input pipelining: DSP reciever_i/dds_compiler_0/U0/i_synth/i_dds/I_SINCOS.i_comp_eff.i_eff/S1_COS_U/i_synth_option.i_synth_model/opt_vx7.i_uniwrap/i_primitive input reciever_i/dds_compiler_0/U0/i_synth/i_dds/I_SINCOS.i_comp_eff.i_eff/S1_COS_U/i_synth_option.i_synth_model/opt_vx7.i_uniwrap/i_primitive/A[29:0] is not pipelined. Pipelining DSP48 input will improve performance.
WARNING: [DRC DPIP-1] Input pipelining: DSP reciever_i/dds_compiler_0/U0/i_synth/i_dds/I_SINCOS.i_comp_eff.i_eff/S1_COS_U/i_synth_option.i_synth_model/opt_vx7.i_uniwrap/i_primitive input reciever_i/dds_compiler_0/U0/i_synth/i_dds/I_SINCOS.i_comp_eff.i_eff/S1_COS_U/i_synth_option.i_synth_model/opt_vx7.i_uniwrap/i_primitive/B[17:0] is not pipelined. Pipelining DSP48 input will improve performance.
WARNING: [DRC DPIP-1] Input pipelining: DSP reciever_i/dds_compiler_0/U0/i_synth/i_dds/I_SINCOS.i_comp_eff.i_eff/S1_SIN_U/i_synth_option.i_synth_model/opt_vx7.i_uniwrap/i_primitive input reciever_i/dds_compiler_0/U0/i_synth/i_dds/I_SINCOS.i_comp_eff.i_eff/S1_SIN_U/i_synth_option.i_synth_model/opt_vx7.i_uniwrap/i_primitive/A[29:0] is not pipelined. Pipelining DSP48 input will improve performance.
WARNING: [DRC DPIP-1] Input pipelining: DSP reciever_i/dds_compiler_0/U0/i_synth/i_dds/I_SINCOS.i_comp_eff.i_eff/S1_SIN_U/i_synth_option.i_synth_model/opt_vx7.i_uniwrap/i_primitive input reciever_i/dds_compiler_0/U0/i_synth/i_dds/I_SINCOS.i_comp_eff.i_eff/S1_SIN_U/i_synth_option.i_synth_model/opt_vx7.i_uniwrap/i_primitive/B[17:0] is not pipelined. Pipelining DSP48 input will improve performance.
WARNING: [DRC DPIP-1] Input pipelining: DSP reciever_i/dds_compiler_0/U0/i_synth/i_dds/I_SINCOS.i_comp_eff.i_eff/SECOND_ORDER_APPROXIMATION.S2_COS_U/i_synth_option.i_synth_model/opt_vx7.i_uniwrap/i_primitive input reciever_i/dds_compiler_0/U0/i_synth/i_dds/I_SINCOS.i_comp_eff.i_eff/SECOND_ORDER_APPROXIMATION.S2_COS_U/i_synth_option.i_synth_model/opt_vx7.i_uniwrap/i_primitive/A[29:0] is not pipelined. Pipelining DSP48 input will improve performance.
WARNING: [DRC DPIP-1] Input pipelining: DSP reciever_i/dds_compiler_0/U0/i_synth/i_dds/I_SINCOS.i_comp_eff.i_eff/SECOND_ORDER_APPROXIMATION.S2_COS_U/i_synth_option.i_synth_model/opt_vx7.i_uniwrap/i_primitive input reciever_i/dds_compiler_0/U0/i_synth/i_dds/I_SINCOS.i_comp_eff.i_eff/SECOND_ORDER_APPROXIMATION.S2_COS_U/i_synth_option.i_synth_model/opt_vx7.i_uniwrap/i_primitive/B[17:0] is not pipelined. Pipelining DSP48 input will improve performance.
WARNING: [DRC DPIP-1] Input pipelining: DSP reciever_i/dds_compiler_0/U0/i_synth/i_dds/I_SINCOS.i_comp_eff.i_eff/SECOND_ORDER_APPROXIMATION.S2_COS_U/i_synth_option.i_synth_model/opt_vx7.i_uniwrap/i_primitive input reciever_i/dds_compiler_0/U0/i_synth/i_dds/I_SINCOS.i_comp_eff.i_eff/SECOND_ORDER_APPROXIMATION.S2_COS_U/i_synth_option.i_synth_model/opt_vx7.i_uniwrap/i_primitive/C[47:0] is not pipelined. Pipelining DSP48 input will improve performance.
WARNING: [DRC DPIP-1] Input pipelining: DSP reciever_i/dds_compiler_0/U0/i_synth/i_dds/I_SINCOS.i_comp_eff.i_eff/SECOND_ORDER_APPROXIMATION.S2_SIN_U/i_synth_option.i_synth_model/opt_vx7.i_uniwrap/i_primitive input reciever_i/dds_compiler_0/U0/i_synth/i_dds/I_SINCOS.i_comp_eff.i_eff/SECOND_ORDER_APPROXIMATION.S2_SIN_U/i_synth_option.i_synth_model/opt_vx7.i_uniwrap/i_primitive/A[29:0] is not pipelined. Pipelining DSP48 input will improve performance.
WARNING: [DRC DPIP-1] Input pipelining: DSP reciever_i/dds_compiler_0/U0/i_synth/i_dds/I_SINCOS.i_comp_eff.i_eff/SECOND_ORDER_APPROXIMATION.S2_SIN_U/i_synth_option.i_synth_model/opt_vx7.i_uniwrap/i_primitive input reciever_i/dds_compiler_0/U0/i_synth/i_dds/I_SINCOS.i_comp_eff.i_eff/SECOND_ORDER_APPROXIMATION.S2_SIN_U/i_synth_option.i_synth_model/opt_vx7.i_uniwrap/i_primitive/B[17:0] is not pipelined. Pipelining DSP48 input will improve performance.
WARNING: [DRC DPIP-1] Input pipelining: DSP reciever_i/dds_compiler_0/U0/i_synth/i_dds/I_SINCOS.i_comp_eff.i_eff/SECOND_ORDER_APPROXIMATION.S2_SIN_U/i_synth_option.i_synth_model/opt_vx7.i_uniwrap/i_primitive input reciever_i/dds_compiler_0/U0/i_synth/i_dds/I_SINCOS.i_comp_eff.i_eff/SECOND_ORDER_APPROXIMATION.S2_SIN_U/i_synth_option.i_synth_model/opt_vx7.i_uniwrap/i_primitive/C[47:0] is not pipelined. Pipelining DSP48 input will improve performance.
INFO: [DRC AVAL-4] enum_USE_DPORT_FALSE_enum_DREG_ADREG_0_connects_CED_CEAD_RSTD_GND: reciever_i/dds_compiler_0/U0/i_synth/i_dds/I_SINCOS.i_comp_eff.i_eff/MULT_PI_U/i_synth_option.i_synth_model/opt_vx7.i_uniwrap/i_primitive: DSP48E1 is not using the D port (USE_DPORT = FALSE). For improved power characteristics, set DREG and ADREG to '1', tie CED, CEAD, and RSTD to logic '0'.
INFO: [DRC AVAL-4] enum_USE_DPORT_FALSE_enum_DREG_ADREG_0_connects_CED_CEAD_RSTD_GND: reciever_i/dds_compiler_0/U0/i_synth/i_dds/I_SINCOS.i_comp_eff.i_eff/S1_COS_U/i_synth_option.i_synth_model/opt_vx7.i_uniwrap/i_primitive: DSP48E1 is not using the D port (USE_DPORT = FALSE). For improved power characteristics, set DREG and ADREG to '1', tie CED, CEAD, and RSTD to logic '0'.
INFO: [DRC AVAL-4] enum_USE_DPORT_FALSE_enum_DREG_ADREG_0_connects_CED_CEAD_RSTD_GND: reciever_i/dds_compiler_0/U0/i_synth/i_dds/I_SINCOS.i_comp_eff.i_eff/S1_SIN_U/i_synth_option.i_synth_model/opt_vx7.i_uniwrap/i_primitive: DSP48E1 is not using the D port (USE_DPORT = FALSE). For improved power characteristics, set DREG and ADREG to '1', tie CED, CEAD, and RSTD to logic '0'.
INFO: [DRC AVAL-4] enum_USE_DPORT_FALSE_enum_DREG_ADREG_0_connects_CED_CEAD_RSTD_GND: reciever_i/dds_compiler_0/U0/i_synth/i_dds/I_SINCOS.i_comp_eff.i_eff/SECOND_ORDER_APPROXIMATION.S2_COS_U/i_synth_option.i_synth_model/opt_vx7.i_uniwrap/i_primitive: DSP48E1 is not using the D port (USE_DPORT = FALSE). For improved power characteristics, set DREG and ADREG to '1', tie CED, CEAD, and RSTD to logic '0'.
INFO: [DRC AVAL-4] enum_USE_DPORT_FALSE_enum_DREG_ADREG_0_connects_CED_CEAD_RSTD_GND: reciever_i/dds_compiler_0/U0/i_synth/i_dds/I_SINCOS.i_comp_eff.i_eff/SECOND_ORDER_APPROXIMATION.S2_SIN_U/i_synth_option.i_synth_model/opt_vx7.i_uniwrap/i_primitive: DSP48E1 is not using the D port (USE_DPORT = FALSE). For improved power characteristics, set DREG and ADREG to '1', tie CED, CEAD, and RSTD to logic '0'.
INFO: [Vivado 12-3199] DRC finished with 0 Errors, 11 Warnings, 5 Advisories
INFO: [Vivado 12-3200] Please refer to the DRC report (report_drc) for more information.
INFO: [Designutils 20-2272] Running write_bitstream with 8 threads.
Loading data files...
Loading site data...
Loading route data...
Processing options...
Creating bitmap...
Creating bitstream...
Writing bitstream ./reciever_wrapper.bit...
INFO: [Vivado 12-1842] Bitgen Completed Successfully.
INFO: [Project 1-1876] WebTalk data collection is mandatory when using a ULT device. To see the specific WebTalk data collected for your design, open the usage_statistics_webtalk.html or usage_statistics_webtalk.xml file in the implementation directory.
INFO: [Common 17-83] Releasing license: Implementation
19 Infos, 11 Warnings, 0 Critical Warnings and 0 Errors encountered.
write_bitstream completed successfully
write_bitstream: Time (s): cpu = 00:00:09 ; elapsed = 00:00:17 . Memory (MB): peak = 3161.871 ; gain = 183.160 ; free physical = 4364 ; free virtual = 10094
INFO: [Common 17-206] Exiting Vivado at Sat May  4 20:16:16 2024...
