Vivado Simulator v2023.2
Copyright 1986-2022 Xilinx, Inc. All Rights Reserved.
Copyright 2022-2023 Advanced Micro Devices, Inc. All Rights Reserved.
Running: /opt/tools/Xilinx/Vivado/2023.2/bin/unwrapped/lnx64.o/xelab --incr --debug typical --relax --mt 8 -L xil_defaultlib -L xbip_utils_v3_0_11 -L axi_utils_v2_0_7 -L xbip_pipe_v3_0_7 -L xbip_bram18k_v3_0_7 -L mult_gen_v12_0_19 -L xbip_dsp48_wrapper_v3_0_5 -L xbip_dsp48_addsub_v3_0_7 -L xbip_dsp48_multadd_v3_0_7 -L dds_compiler_v6_0_23 -L unisims_ver -L unimacro_ver -L secureip -L xpm --snapshot tb_top_behav xil_defaultlib.tb_top xil_defaultlib.glbl -log elaborate.log 
Using 8 slave threads.
Starting static elaboration
Pass Through NonSizing Optimizer
WARNING: [VRFC 10-5021] port 'm_axis_data_tvalid' is not connected on this instance [/home/benny/work/fpga/vivado/i2s2_2/Pmod-I2S2-Arty-S7-50.srcs/sim_1/new/tb_top.v:52]
Completed static elaboration
Starting simulation data flow analysis
Completed simulation data flow analysis
Time Resolution for simulation is 1ps
Compiling package std.standard
Compiling package std.textio
Compiling package ieee.std_logic_1164
Compiling package ieee.numeric_std
Compiling package xbip_utils_v3_0_11.xbip_utils_v3_0_11_pkg
Compiling package xbip_utils_v3_0_11.xcc_utils_v3_0
Compiling package dds_compiler_v6_0_23.dds_compiler_v6_0_23_viv_comp
Compiling package ieee.std_logic_arith
Compiling package ieee.std_logic_signed
Compiling package dds_compiler_v6_0_23.pkg_dds_compiler_v6_0_23
Compiling package dds_compiler_v6_0_23.dds_compiler_v6_0_23_hdl_comps
Compiling package xbip_pipe_v3_0_7.xbip_pipe_v3_0_7_viv_comp
Compiling package axi_utils_v2_0_7.axi_utils_v2_0_7_pkg
Compiling package ieee.math_real
Compiling package axi_utils_v2_0_7.global_util_pkg
Compiling package axi_utils_v2_0_7.axi_utils_comps
Compiling package unisim.vcomponents
Compiling package ieee.std_logic_unsigned
Compiling package dds_compiler_v6_0_23.pkg_betas
Compiling package dds_compiler_v6_0_23.pkg_alphas
Compiling package xbip_dsp48_multadd_v3_0_7.xbip_dsp48_multadd_v3_0_7_viv_co...
Compiling package xbip_dsp48_multadd_v3_0_7.xbip_dsp48_multadd_v3_0_7_pkg
Compiling package ieee.vital_timing
Compiling package ieee.vital_primitives
Compiling package unisim.vpkg
Compiling package xbip_bram18k_v3_0_7.xbip_bram18k_v3_0_7_pkg
Compiling package xbip_bram18k_v3_0_7.xbip_bram18k_v3_0_7_viv_comp
Compiling package xbip_bram18k_v3_0_7.xbip_bram18k_hdl_pkg
Compiling architecture synth of entity xbip_pipe_v3_0_7.xbip_pipe_v3_0_7_viv [\xbip_pipe_v3_0_7_viv(c_latency=...]
Compiling architecture synth of entity xbip_pipe_v3_0_7.xbip_pipe_v3_0_7_viv [\xbip_pipe_v3_0_7_viv(c_latency=...]
Compiling architecture synth of entity dds_compiler_v6_0_23.dds_compiler_v6_0_23_rdy [\dds_compiler_v6_0_23_rdy(c_has_...]
Compiling architecture synth of entity xbip_pipe_v3_0_7.xbip_pipe_v3_0_7_viv [\xbip_pipe_v3_0_7_viv(c_has_ce=1...]
Compiling architecture synth of entity xbip_pipe_v3_0_7.xbip_pipe_v3_0_7_viv [\xbip_pipe_v3_0_7_viv(c_has_ce=1...]
Compiling architecture synth of entity xbip_pipe_v3_0_7.xbip_pipe_v3_0_7_viv [\xbip_pipe_v3_0_7_viv(c_has_ce=1...]
Compiling architecture synth of entity xbip_pipe_v3_0_7.xbip_pipe_v3_0_7_viv [\xbip_pipe_v3_0_7_viv(c_latency=...]
Compiling architecture synth of entity dds_compiler_v6_0_23.pipe_add [\pipe_add(c_width=26,c_seg_width...]
Compiling architecture synth of entity dds_compiler_v6_0_23.accum [\accum(c_xdevicefamily="spartan7...]
Compiling architecture synth of entity xbip_pipe_v3_0_7.xbip_pipe_v3_0_7_viv [\xbip_pipe_v3_0_7_viv(c_latency=...]
Compiling architecture synth of entity xbip_pipe_v3_0_7.xbip_pipe_v3_0_7_viv [\xbip_pipe_v3_0_7_viv(c_latency=...]
Compiling architecture synth of entity xbip_pipe_v3_0_7.xbip_pipe_v3_0_7_viv [\xbip_pipe_v3_0_7_viv(c_has_ce=1...]
Compiling architecture synth of entity dds_compiler_v6_0_23.sin_cos [\sin_cos(c_xdevicefamily="sparta...]
Compiling architecture synth of entity xbip_pipe_v3_0_7.xbip_pipe_v3_0_7_viv [\xbip_pipe_v3_0_7_viv(c_latency=...]
Compiling architecture synth of entity xbip_pipe_v3_0_7.xbip_pipe_v3_0_7_viv [\xbip_pipe_v3_0_7_viv(c_has_ce=1...]
Compiling architecture rtl of entity dds_compiler_v6_0_23.dds_compiler_v6_0_23_eff_lut [\dds_compiler_v6_0_23_eff_lut(c_...]
Compiling architecture dsp48e1_v of entity unisim.DSP48E1 [\DSP48E1(adreg=0,carryinselreg=0...]
Compiling architecture synth of entity xbip_dsp48_wrapper_v3_0_5.xbip_dsp48e1_wrapper_v3_0 [\xbip_dsp48e1_wrapper_v3_0(areg=...]
Compiling architecture synth of entity xbip_dsp48_multadd_v3_0_7.xbip_dsp48_multadd_synth [\xbip_dsp48_multadd_synth(c_xdev...]
Compiling architecture synth of entity xbip_dsp48_multadd_v3_0_7.xbip_dsp48_multadd_v3_0_7_viv [\xbip_dsp48_multadd_v3_0_7_viv(c...]
Compiling architecture synth of entity xbip_pipe_v3_0_7.xbip_pipe_v3_0_7_viv [\xbip_pipe_v3_0_7_viv(c_latency=...]
Compiling architecture synth of entity xbip_pipe_v3_0_7.xbip_pipe_v3_0_7_viv [\xbip_pipe_v3_0_7_viv(c_latency=...]
Compiling architecture synth of entity dds_compiler_v6_0_23.dds_compiler_v6_0_23_eff [\dds_compiler_v6_0_23_eff(c_xdev...]
Compiling architecture synth of entity xbip_pipe_v3_0_7.xbip_pipe_v3_0_7_viv [\xbip_pipe_v3_0_7_viv(c_has_ce=1...]
Compiling architecture synth of entity dds_compiler_v6_0_23.dds_compiler_v6_0_23_core [\dds_compiler_v6_0_23_core(c_xde...]
Compiling architecture synth of entity dds_compiler_v6_0_23.dds_compiler_v6_0_23_viv [\dds_compiler_v6_0_23_viv(c_xdev...]
Compiling architecture xilinx of entity dds_compiler_v6_0_23.dds_compiler_v6_0_23 [\dds_compiler_v6_0_23(c_xdevicef...]
Compiling architecture dds_compiler_0_arch of entity xil_defaultlib.dds_compiler_0 [dds_compiler_0_default]
Compiling module xil_defaultlib.tb_top
Compiling module xil_defaultlib.glbl
Built simulation snapshot tb_top_behav
